<?xml version="1.0" encoding="UTF-8"?>
<testng-results ignored="0" total="1" passed="1" failed="0" skipped="0">
  <reporter-output>
  </reporter-output>
  <suite started-at="2026-01-21T15:31:43 IST" name="Default suite" finished-at="2026-01-21T15:31:59 IST" duration-ms="16279">
    <groups>
    </groups>
    <test started-at="2026-01-21T15:31:43 IST" name="Default test" finished-at="2026-01-21T15:31:59 IST" duration-ms="16279">
      <class name="com.Practice.PropertiesDemo.TestProperties">
        <test-method is-config="true" signature="invokeBrowser()[pri:0, instance:com.Practice.PropertiesDemo.TestProperties@8297b3a]" started-at="2026-01-21T15:31:43 IST" name="invokeBrowser" finished-at="2026-01-21T15:31:55 IST" duration-ms="12310" status="PASS">
          <reporter-output>
          </reporter-output>
        </test-method> <!-- invokeBrowser -->
        <test-method signature="searchContent()[pri:0, instance:com.Practice.PropertiesDemo.TestProperties@8297b3a]" started-at="2026-01-21T15:31:55 IST" name="searchContent" finished-at="2026-01-21T15:31:55 IST" duration-ms="120" status="PASS">
          <reporter-output>
          </reporter-output>
        </test-method> <!-- searchContent -->
        <test-method is-config="true" signature="closeBrowser()[pri:0, instance:com.Practice.PropertiesDemo.TestProperties@8297b3a]" started-at="2026-01-21T15:31:55 IST" name="closeBrowser" finished-at="2026-01-21T15:31:59 IST" duration-ms="3813" status="PASS">
          <reporter-output>
          </reporter-output>
        </test-method> <!-- closeBrowser -->
      </class> <!-- com.Practice.PropertiesDemo.TestProperties -->
    </test> <!-- Default test -->
  </suite> <!-- Default suite -->
</testng-results>
