<?xml version="1.0" encoding="UTF-8"?>
<testsuite xmlns:xsi="http://www.w3.org/2001/XMLSchema-instance" xsi:noNamespaceSchemaLocation="https://maven.apache.org/surefire/maven-surefire-plugin/xsd/surefire-test-report-3.0.xsd" version="3.0" name="TestSuite" time="1.766" tests="5" errors="0" skipped="0" failures="1">
  <properties>
[...]
</properties>
  <testcase name="runScenario[&quot;Validate Login with valid credentials&quot;, &quot;Login Credentials&quot;](1)" classname="HooksPractice.TestRunner" time="0.083">
    <system-out><![CDATA[===========================================
Browser Launched Successfully
Browser invoked
Url navigated: https://facebook.com
email entered: mphasis@gmail.com
password entered: mphasis2026
login button clicked
User logged in successfully
Browser closed
===========================================
]]></system-out>
    <system-err><![CDATA[SLF4J(W): No SLF4J providers were found.
SLF4J(W): Defaulting to no-operation (NOP) logger implementation
SLF4J(W): See https://www.slf4j.org/codes.html#noProviders for further details.
]]></system-err>
  </testcase>
  <testcase name="runScenario[&quot;Validate Login with invalid credentials&quot;, &quot;Login Credentials&quot;](2)" classname="HooksPractice.TestRunner" time="0.006">
    <system-out><![CDATA[===========================================
Browser Launched Successfully
Browser invoked
Url navigated: https://facebook.com
email entered: Selenium@gmail.com
password entered: Selenium2026
login button clicked
user login failed. Error: error message
Browser closed
===========================================
]]></system-out>
  </testcase>
  <testcase name="runScenario[&quot;Automating form field and submit&quot;, &quot;Demo automation testing&quot;](1)" classname="PracticeHandOn.TestAutomateSite" time="0.016">
    <system-out><![CDATA[Browser invoked
====================================
url running: https://demo.automationtesting.in/Register.html
====================================
First name entered: John
====================================
Last name entered: Smith
====================================
Address entered: Park Avenue
====================================
Email entered: john@gmail.com
====================================
Phone entered: abc
====================================
Submit button clicked...
====================================
Form submitted
====================================
]]></system-out>
  </testcase>
  <testcase name="setUpClass[org.testng.TestRunner@1b822fcc](0)" classname="RegisterForm.TestRegisterRunner" time="0.04">
    <failure message=" is not valid. Try &lt;uri or path&gt;/&lt;name&gt;.feature[:LINE]*" type="java.lang.IllegalArgumentException"><![CDATA[java.lang.IllegalArgumentException:  is not valid. Try <uri or path>/<name>.feature[:LINE]*
	at io.cucumber.core.feature.FeatureWithLines.parse(FeatureWithLines.java:69)
	at io.cucumber.core.options.FeatureWithLinesOrRerunPath.parse(FeatureWithLinesOrRerunPath.java:50)
	at io.cucumber.core.options.CucumberOptionsAnnotationParser.addFeatures(CucumberOptionsAnnotationParser.java:133)
	at io.cucumber.core.options.CucumberOptionsAnnotationParser.parse(CucumberOptionsAnnotationParser.java:44)
	at io.cucumber.testng.TestNGCucumberRunner.<init>(TestNGCucumberRunner.java:85)
	at io.cucumber.testng.AbstractTestNGCucumberTests.setUpClass(AbstractTestNGCucumberTests.java:27)
	at java.base/jdk.internal.reflect.NativeMethodAccessorImpl.invoke0(Native Method)
	at java.base/jdk.internal.reflect.NativeMethodAccessorImpl.invoke(NativeMethodAccessorImpl.java:62)
	at java.base/jdk.internal.reflect.DelegatingMethodAccessorImpl.invoke(DelegatingMethodAccessorImpl.java:43)
	at java.base/java.lang.reflect.Method.invoke(Method.java:566)
	at org.testng.internal.invokers.MethodInvocationHelper.invokeMethod(MethodInvocationHelper.java:141)
	at org.testng.internal.invokers.MethodInvocationHelper.invokeMethodConsideringTimeout(MethodInvocationHelper.java:71)
	at org.testng.internal.invokers.ConfigInvoker.invokeConfigurationMethod(ConfigInvoker.java:400)
	at org.testng.internal.invokers.ConfigInvoker.invokeConfigurations(ConfigInvoker.java:333)
	at org.testng.internal.invokers.TestMethodWorker.invokeBeforeClassMethods(TestMethodWorker.java:188)
	at org.testng.internal.invokers.TestMethodWorker.run(TestMethodWorker.java:128)
	at java.base/java.util.ArrayList.forEach(ArrayList.java:1541)
	at org.testng.TestRunner.privateRun(TestRunner.java:741)
	at org.testng.TestRunner.run(TestRunner.java:616)
	at org.testng.SuiteRunner.runTest(SuiteRunner.java:421)
	at org.testng.SuiteRunner.runSequentially(SuiteRunner.java:413)
	at org.testng.SuiteRunner.privateRun(SuiteRunner.java:373)
	at org.testng.SuiteRunner.run(SuiteRunner.java:312)
	at org.testng.SuiteRunnerWorker.runSuite(SuiteRunnerWorker.java:52)
	at org.testng.SuiteRunnerWorker.run(SuiteRunnerWorker.java:95)
	at org.testng.TestNG.runSuitesSequentially(TestNG.java:1274)
	at org.testng.TestNG.runSuitesLocally(TestNG.java:1208)
	at org.testng.TestNG.runSuites(TestNG.java:1112)
	at org.testng.TestNG.run(TestNG.java:1079)
	at org.apache.maven.surefire.testng.TestNGExecutor.run(TestNGExecutor.java:155)
	at org.apache.maven.surefire.testng.TestNGDirectoryTestSuite.executeMulti(TestNGDirectoryTestSuite.java:169)
	at org.apache.maven.surefire.testng.TestNGDirectoryTestSuite.execute(TestNGDirectoryTestSuite.java:88)
	at org.apache.maven.surefire.testng.TestNGProvider.invoke(TestNGProvider.java:137)
	at org.apache.maven.surefire.booter.ForkedBooter.runSuitesInProcess(ForkedBooter.java:385)
	at org.apache.maven.surefire.booter.ForkedBooter.execute(ForkedBooter.java:162)
	at org.apache.maven.surefire.booter.ForkedBooter.run(ForkedBooter.java:507)
	at org.apache.maven.surefire.booter.ForkedBooter.main(ForkedBooter.java:495)
Caused by: java.lang.IllegalArgumentException: featureIdentifier may not be empty
	at io.cucumber.core.feature.FeaturePath.parse(FeaturePath.java:39)
	at io.cucumber.core.feature.FeatureWithLines.parseFeaturePath(FeatureWithLines.java:85)
	at io.cucumber.core.feature.FeatureWithLines.parse(FeatureWithLines.java:66)
	... 36 more
]]></failure>
  </testcase>
  <testcase name="runScenario[&quot;Search with specific value&quot;, &quot;Google Search&quot;](1)" classname="StepDefination.TestRunner" time="0.005">
    <system-out><![CDATA[I am on Google page
I am on search page
I should get related options
]]></system-out>
  </testcase>
</testsuite>