<?xml version="1.0" encoding="UTF-8"?>
<testsuite xmlns:xsi="http://www.w3.org/2001/XMLSchema-instance" xsi:noNamespaceSchemaLocation="https://maven.apache.org/surefire/maven-surefire-plugin/xsd/surefire-test-report-3.0.xsd" version="3.0" name="TestSuite" time="31.08" tests="3" errors="0" skipped="0" failures="0">
  <properties>
[...]
</properties>
  <testcase name="runScenario[&quot;&quot;, &quot;Form submittion&quot;](1)" classname="DependencyInjection.TestRunner" time="12.509">
    <system-out><![CDATA[============================================
Browser invoked
url running...
User interface loaded
First name entered: John
Last name entered: Doe
Job title entered: Senior QA
Submit button clicked
title: Complete Web Form
Result verified
Browser closed
============================================
]]></system-out>
    <system-err><![CDATA[SLF4J(W): No SLF4J providers were found.
SLF4J(W): Defaulting to no-operation (NOP) logger implementation
SLF4J(W): See https://www.slf4j.org/codes.html#noProviders for further details.
]]></system-err>
  </testcase>
  <testcase name="runScenario[&quot;&quot;, &quot;Form submittion&quot;](2)" classname="DependencyInjection.TestRunner" time="10.432">
    <system-out><![CDATA[============================================
Browser invoked
url running...
User interface loaded
First name entered: Jane
Last name entered: Smith
Job title entered: Developer
Submit button clicked
title: Complete Web Form
Result verified
Browser closed
============================================
]]></system-out>
  </testcase>
  <testcase name="runScenario[&quot;Login&quot;, &quot;Real Time site testing&quot;](1)" classname="RealTimeSitePractice.TestRunner" time="6.583">
    <system-out><![CDATA[User is on dashboard
Lowest price product: Sauce Labs Onesie
Price: $7.99
]]></system-out>
  </testcase>
</testsuite>