<?xml version="1.0" encoding="UTF-8"?>
<!-- Generated by org.testng.reporters.JUnitReportReporter -->
<testsuite hostname="WKSPUN05GTR1707" failures="0" tests="3" name="Runner.TestRunner" time="10.445" errors="0" timestamp="2026-01-30T09:56:13 IST" skipped="0">
  <testcase classname="Runner.TestRunner" name="testLoginPage" time="2.188"/>
  <testcase classname="Runner.TestRunner" name="testAdminPage" time="7.288"/>
  <testcase classname="Runner.TestRunner" name="testAddUserPage" time="0.969"/>
</testsuite> <!-- Runner.TestRunner -->
