<?xml version="1.0" encoding="UTF-8"?>
<!-- Generated by org.testng.reporters.JUnitReportReporter -->
<testsuite hostname="WKSPUN05GTR1707" failures="0" tests="3" name="Runner.TestRunner" time="23.632" errors="0" timestamp="2026-01-30T14:25:20 IST" skipped="0">
  <testcase classname="Runner.TestRunner" name="testLoginPage" time="3.975"/>
  <testcase classname="Runner.TestRunner" name="testAdminPage" time="11.048"/>
  <testcase classname="Runner.TestRunner" name="testAddUserPage" time="8.609"/>
</testsuite> <!-- Runner.TestRunner -->
