<?xml version="1.0" encoding="UTF-8"?>
<!-- Generated by org.testng.reporters.JUnitReportReporter -->
<testsuite hostname="WKSPUN05GTR1707" failures="0" tests="3" name="Mphasis.MphasisTrainings.TestMphasis" time="0.005" errors="0" timestamp="2026-01-20T15:24:34 IST" skipped="0">
  <testcase classname="Mphasis.MphasisTrainings.TestMphasis" name="test3" time="0.000"/>
  <testcase classname="Mphasis.MphasisTrainings.TestMphasis" name="test2" time="0.001"/>
  <testcase classname="Mphasis.MphasisTrainings.TestMphasis" name="test1" time="0.004"/>
</testsuite> <!-- Mphasis.MphasisTrainings.TestMphasis -->
