<?xml version="1.0" encoding="UTF-8"?>
<!-- Generated by org.testng.reporters.JUnitXMLReporter -->
<testsuite ignored="0" hostname="WKSPUN05GTR1707" failures="9" tests="9" name="Surefire test" time="0.094" errors="0" timestamp="2026-01-28T09:19:41 IST">
  <testcase classname="com.Practice.API.TestGetMethod" name="testGet" time="0.004">
    <failure type="java.lang.UnsupportedClassVersionError" message="io/restassured/RestAssured has been compiled by a more recent version of the Java Runtime (class file version 61.0), this version of the Java Runtime only recognizes class file versions up to 55.0">
      <![CDATA[java.lang.UnsupportedClassVersionError: io/restassured/RestAssured has been compiled by a more recent version of the Java Runtime (class file version 61.0), this version of the Java Runtime only recognizes class file versions up to 55.0
at java.base/java.lang.ClassLoader.defineClass1(Native Method)
at java.base/java.lang.ClassLoader.defineClass(ClassLoader.java:1022)
at java.base/java.security.SecureClassLoader.defineClass(SecureClassLoader.java:174)
at java.base/jdk.internal.loader.BuiltinClassLoader.defineClass(BuiltinClassLoader.java:800)
at java.base/jdk.internal.loader.BuiltinClassLoader.findClassOnClassPathOrNull(BuiltinClassLoader.java:698)
at java.base/jdk.internal.loader.BuiltinClassLoader.loadClassOrNull(BuiltinClassLoader.java:621)
at java.base/jdk.internal.loader.BuiltinClassLoader.loadClass(BuiltinClassLoader.java:579)
at java.base/jdk.internal.loader.ClassLoaders$AppClassLoader.loadClass(ClassLoaders.java:178)
at java.base/java.lang.ClassLoader.loadClass(ClassLoader.java:527)
at com.Practice.API.TestGetMethod.testGet(TestGetMethod.java:12)
at java.base/java.util.ArrayList.forEach(ArrayList.java:1541)
... Removed 32 stack frames]]>
    </failure>
  </testcase> <!-- testGet -->
  <testcase classname="com.Practice.API.TestGetMethod" name="testPost" time="0.002">
    <failure type="java.lang.UnsupportedClassVersionError" message="io/restassured/RestAssured has been compiled by a more recent version of the Java Runtime (class file version 61.0), this version of the Java Runtime only recognizes class file versions up to 55.0">
      <![CDATA[java.lang.UnsupportedClassVersionError: io/restassured/RestAssured has been compiled by a more recent version of the Java Runtime (class file version 61.0), this version of the Java Runtime only recognizes class file versions up to 55.0
at com.Practice.API.TestGetMethod.testPost(TestGetMethod.java:27)
at java.base/java.util.ArrayList.forEach(ArrayList.java:1541)
... Removed 32 stack frames]]>
    </failure>
  </testcase> <!-- testPost -->
  <testcase classname="com.Practice.API.TestGetMethod" name="testPut" time="0.0">
    <failure type="java.lang.UnsupportedClassVersionError" message="io/restassured/RestAssured has been compiled by a more recent version of the Java Runtime (class file version 61.0), this version of the Java Runtime only recognizes class file versions up to 55.0">
      <![CDATA[java.lang.UnsupportedClassVersionError: io/restassured/RestAssured has been compiled by a more recent version of the Java Runtime (class file version 61.0), this version of the Java Runtime only recognizes class file versions up to 55.0
at com.Practice.API.TestGetMethod.testPut(TestGetMethod.java:43)
at java.base/java.util.ArrayList.forEach(ArrayList.java:1541)
... Removed 32 stack frames]]>
    </failure>
  </testcase> <!-- testPut -->
  <testcase classname="com.Practice.API.TestGetMethod" name="testDelete" time="0.0">
    <failure type="java.lang.UnsupportedClassVersionError" message="io/restassured/RestAssured has been compiled by a more recent version of the Java Runtime (class file version 61.0), this version of the Java Runtime only recognizes class file versions up to 55.0">
      <![CDATA[java.lang.UnsupportedClassVersionError: io/restassured/RestAssured has been compiled by a more recent version of the Java Runtime (class file version 61.0), this version of the Java Runtime only recognizes class file versions up to 55.0
at com.Practice.API.TestGetMethod.testDelete(TestGetMethod.java:55)
at java.base/java.util.ArrayList.forEach(ArrayList.java:1541)
... Removed 32 stack frames]]>
    </failure>
  </testcase> <!-- testDelete -->
  <testcase classname="com.Practice.RestAssured.TestRestAssured" name="testCase1" time="0.001">
    <failure type="java.lang.UnsupportedClassVersionError" message="io/restassured/RestAssured has been compiled by a more recent version of the Java Runtime (class file version 61.0), this version of the Java Runtime only recognizes class file versions up to 55.0">
      <![CDATA[java.lang.UnsupportedClassVersionError: io/restassured/RestAssured has been compiled by a more recent version of the Java Runtime (class file version 61.0), this version of the Java Runtime only recognizes class file versions up to 55.0
at java.base/java.lang.ClassLoader.defineClass1(Native Method)
at java.base/java.lang.ClassLoader.defineClass(ClassLoader.java:1022)
at java.base/java.security.SecureClassLoader.defineClass(SecureClassLoader.java:174)
at java.base/jdk.internal.loader.BuiltinClassLoader.defineClass(BuiltinClassLoader.java:800)
at java.base/jdk.internal.loader.BuiltinClassLoader.findClassOnClassPathOrNull(BuiltinClassLoader.java:698)
at java.base/jdk.internal.loader.BuiltinClassLoader.loadClassOrNull(BuiltinClassLoader.java:621)
at java.base/jdk.internal.loader.BuiltinClassLoader.loadClass(BuiltinClassLoader.java:579)
at java.base/jdk.internal.loader.ClassLoaders$AppClassLoader.loadClass(ClassLoaders.java:178)
at java.base/java.lang.ClassLoader.loadClass(ClassLoader.java:527)
at com.Practice.RestAssured.TestRestAssured.testCase1(TestRestAssured.java:14)
at java.base/java.util.ArrayList.forEach(ArrayList.java:1541)
... Removed 32 stack frames]]>
    </failure>
  </testcase> <!-- testCase1 -->
  <testcase classname="com.Practice.RestAssured.TestRestAssured" name="testCase2" time="0.0">
    <failure type="java.lang.UnsupportedClassVersionError" message="io/restassured/RestAssured has been compiled by a more recent version of the Java Runtime (class file version 61.0), this version of the Java Runtime only recognizes class file versions up to 55.0">
      <![CDATA[java.lang.UnsupportedClassVersionError: io/restassured/RestAssured has been compiled by a more recent version of the Java Runtime (class file version 61.0), this version of the Java Runtime only recognizes class file versions up to 55.0
at com.Practice.RestAssured.TestRestAssured.testCase2(TestRestAssured.java:23)
at java.base/java.util.ArrayList.forEach(ArrayList.java:1541)
... Removed 32 stack frames]]>
    </failure>
  </testcase> <!-- testCase2 -->
  <testcase classname="com.Practice.RestAssured.TestRestAssured" name="testCase3" time="0.001">
    <failure type="java.lang.UnsupportedClassVersionError" message="io/restassured/RestAssured has been compiled by a more recent version of the Java Runtime (class file version 61.0), this version of the Java Runtime only recognizes class file versions up to 55.0">
      <![CDATA[java.lang.UnsupportedClassVersionError: io/restassured/RestAssured has been compiled by a more recent version of the Java Runtime (class file version 61.0), this version of the Java Runtime only recognizes class file versions up to 55.0
at com.Practice.RestAssured.TestRestAssured.testCase3(TestRestAssured.java:41)
at java.base/java.util.ArrayList.forEach(ArrayList.java:1541)
... Removed 32 stack frames]]>
    </failure>
  </testcase> <!-- testCase3 -->
  <testcase classname="com.Practice.RestAssured.TestRestAssured" name="testCase4" time="0.0">
    <failure type="java.lang.UnsupportedClassVersionError" message="io/restassured/RestAssured has been compiled by a more recent version of the Java Runtime (class file version 61.0), this version of the Java Runtime only recognizes class file versions up to 55.0">
      <![CDATA[java.lang.UnsupportedClassVersionError: io/restassured/RestAssured has been compiled by a more recent version of the Java Runtime (class file version 61.0), this version of the Java Runtime only recognizes class file versions up to 55.0
at com.Practice.RestAssured.TestRestAssured.testCase4(TestRestAssured.java:56)
at java.base/java.util.ArrayList.forEach(ArrayList.java:1541)
... Removed 32 stack frames]]>
    </failure>
  </testcase> <!-- testCase4 -->
  <testcase classname="com.Practice.RestAssured.TestRestAssured" name="testCase5" time="0.0">
    <failure type="java.lang.UnsupportedClassVersionError" message="io/restassured/RestAssured has been compiled by a more recent version of the Java Runtime (class file version 61.0), this version of the Java Runtime only recognizes class file versions up to 55.0">
      <![CDATA[java.lang.UnsupportedClassVersionError: io/restassured/RestAssured has been compiled by a more recent version of the Java Runtime (class file version 61.0), this version of the Java Runtime only recognizes class file versions up to 55.0
at com.Practice.RestAssured.TestRestAssured.testCase5(TestRestAssured.java:69)
at java.base/java.util.ArrayList.forEach(ArrayList.java:1541)
... Removed 32 stack frames]]>
    </failure>
  </testcase> <!-- testCase5 -->
</testsuite> <!-- Surefire test -->
