<?xml version="1.0" encoding="UTF-8"?>
<!-- Generated by org.testng.reporters.JUnitReportReporter -->
<testsuite hostname="WKSPUN05GTR1707" failures="0" tests="3" name="Mphasis.MphasisTrainings.TestMphasis" time="0.017" errors="0" timestamp="2026-01-19T15:58:10 IST" skipped="0">
  <testcase classname="Mphasis.MphasisTrainings.TestMphasis" name="test1" time="0.010"/>
  <testcase classname="Mphasis.MphasisTrainings.TestMphasis" name="test3" time="0.001"/>
  <testcase classname="Mphasis.MphasisTrainings.TestMphasis" name="test2" time="0.006"/>
</testsuite> <!-- Mphasis.MphasisTrainings.TestMphasis -->
