<?xml version="1.0" encoding="UTF-8"?>
<!-- Generated by org.testng.reporters.JUnitXMLReporter -->
<testsuite ignored="0" hostname="WKSPUN05GTR1707" failures="0" tests="3" name="Default test" time="24.327" errors="0" timestamp="2026-01-30T14:25:19 IST">
  <testcase classname="Runner.TestRunner" name="testLoginPage" time="3.975"/>
  <testcase classname="Runner.TestRunner" name="testAdminPage" time="11.048"/>
  <testcase classname="Runner.TestRunner" name="testAddUserPage" time="8.609"/>
</testsuite> <!-- Default test -->
