<?xml version="1.0" encoding="UTF-8"?>
<!-- Generated by org.testng.reporters.JUnitXMLReporter -->
<testsuite ignored="0" hostname="WKSPUN05GTR1707" failures="0" tests="3" name="Default test" time="11.109" errors="0" timestamp="2026-01-30T09:56:11 IST">
  <testcase classname="Runner.TestRunner" name="testLoginPage" time="2.188"/>
  <testcase classname="Runner.TestRunner" name="testAdminPage" time="7.288"/>
  <testcase classname="Runner.TestRunner" name="testAddUserPage" time="0.969"/>
</testsuite> <!-- Default test -->
