<?xml version="1.0" encoding="UTF-8"?>
<testng-results ignored="0" total="3" passed="3" failed="0" skipped="0">
  <reporter-output>
  </reporter-output>
  <suite started-at="2026-01-20T15:24:34 IST" name="Surefire suite" finished-at="2026-01-20T15:24:34 IST" duration-ms="55">
    <groups>
    </groups>
    <test started-at="2026-01-20T15:24:34 IST" name="Surefire test" finished-at="2026-01-20T15:24:34 IST" duration-ms="55">
      <class name="Mphasis.MphasisTrainings.TestMphasis">
        <test-method signature="test1()[pri:0, instance:Mphasis.MphasisTrainings.TestMphasis@1725dc0f]" started-at="2026-01-20T15:24:34 IST" name="test1" finished-at="2026-01-20T15:24:34 IST" duration-ms="4" status="PASS">
          <reporter-output>
          </reporter-output>
        </test-method> <!-- test1 -->
        <test-method signature="test2()[pri:0, instance:Mphasis.MphasisTrainings.TestMphasis@1725dc0f]" started-at="2026-01-20T15:24:34 IST" name="test2" finished-at="2026-01-20T15:24:34 IST" duration-ms="1" status="PASS">
          <reporter-output>
          </reporter-output>
        </test-method> <!-- test2 -->
        <test-method signature="test3()[pri:0, instance:Mphasis.MphasisTrainings.TestMphasis@1725dc0f]" started-at="2026-01-20T15:24:34 IST" name="test3" finished-at="2026-01-20T15:24:34 IST" duration-ms="0" status="PASS">
          <reporter-output>
          </reporter-output>
        </test-method> <!-- test3 -->
      </class> <!-- Mphasis.MphasisTrainings.TestMphasis -->
    </test> <!-- Surefire test -->
  </suite> <!-- Surefire suite -->
</testng-results>
