<?xml version="1.0" encoding="UTF-8"?>
<testng-results ignored="0" total="4" passed="4" failed="0" skipped="0">
  <reporter-output>
  </reporter-output>
  <suite started-at="2026-01-22T16:13:27 IST" name="Default suite" finished-at="2026-01-22T16:13:31 IST" duration-ms="3975">
    <groups>
    </groups>
    <test started-at="2026-01-22T16:13:27 IST" name="Default test" finished-at="2026-01-22T16:13:31 IST" duration-ms="3975">
      <class name="com.Practice.API.TestGetMethod">
        <test-method is-config="true" signature="updateUrl()[pri:0, instance:com.Practice.API.TestGetMethod@515c6049]" started-at="2026-01-22T16:13:27 IST" name="updateUrl" finished-at="2026-01-22T16:13:27 IST" duration-ms="11" status="PASS">
          <reporter-output>
          </reporter-output>
        </test-method> <!-- updateUrl -->
        <test-method signature="testGet()[pri:1, instance:com.Practice.API.TestGetMethod@515c6049]" started-at="2026-01-22T16:13:27 IST" name="testGet" finished-at="2026-01-22T16:13:29 IST" duration-ms="1784" status="PASS">
          <reporter-output>
          </reporter-output>
        </test-method> <!-- testGet -->
        <test-method signature="testPost()[pri:2, instance:com.Practice.API.TestGetMethod@515c6049]" started-at="2026-01-22T16:13:29 IST" name="testPost" finished-at="2026-01-22T16:13:29 IST" duration-ms="533" status="PASS">
          <reporter-output>
          </reporter-output>
        </test-method> <!-- testPost -->
        <test-method signature="testPut()[pri:3, instance:com.Practice.API.TestGetMethod@515c6049]" started-at="2026-01-22T16:13:29 IST" name="testPut" finished-at="2026-01-22T16:13:30 IST" duration-ms="707" status="PASS">
          <reporter-output>
          </reporter-output>
        </test-method> <!-- testPut -->
        <test-method signature="testDelete()[pri:4, instance:com.Practice.API.TestGetMethod@515c6049]" started-at="2026-01-22T16:13:30 IST" name="testDelete" finished-at="2026-01-22T16:13:31 IST" duration-ms="900" status="PASS">
          <reporter-output>
          </reporter-output>
        </test-method> <!-- testDelete -->
      </class> <!-- com.Practice.API.TestGetMethod -->
    </test> <!-- Default test -->
  </suite> <!-- Default suite -->
</testng-results>
