<?xml version="1.0" encoding="UTF-8"?>
<!-- Generated by org.testng.reporters.JUnitXMLReporter -->
<testsuite ignored="0" hostname="WKSPUN05GTR1707" failures="0" tests="3" name="Surefire test" time="0.055" errors="0" timestamp="2026-01-20T15:24:34 IST">
  <testcase classname="Mphasis.MphasisTrainings.TestMphasis" name="test1" time="0.004"/>
  <testcase classname="Mphasis.MphasisTrainings.TestMphasis" name="test2" time="0.001"/>
  <testcase classname="Mphasis.MphasisTrainings.TestMphasis" name="test3" time="0.0"/>
</testsuite> <!-- Surefire test -->
