<?xml version="1.0" encoding="UTF-8"?>
<!-- Generated by org.testng.reporters.JUnitReportReporter -->
<testsuite hostname="WKSPUN05GTR1707" failures="0" tests="2" name="com.DemoRegistration.TestCase.TestRegistration" time="36.740" errors="0" timestamp="2026-01-20T16:34:14 IST" skipped="0">
  <testcase classname="com.DemoRegistration.TestCase.TestRegistration" name="runRegistrationForm" time="22.308"/>
  <testcase classname="com.DemoRegistration.TestCase.TestRegistration" name="runIndexPage" time="14.432"/>
</testsuite> <!-- com.DemoRegistration.TestCase.TestRegistration -->
