<?xml version="1.0" encoding="UTF-8"?>
<!-- Generated by org.testng.reporters.JUnitReportReporter -->
<testsuite hostname="WKSPUN05GTR1707" failures="0" tests="2" name="DependencyInjection.TestRunner" time="18.780" errors="0" timestamp="2026-01-27T15:28:22 IST" skipped="0">
  <testcase classname="DependencyInjection.TestRunner" name="runScenario" time="9.832"/>
  <testcase classname="DependencyInjection.TestRunner" name="runScenario" time="8.948"/>
</testsuite> <!-- DependencyInjection.TestRunner -->
