<?xml version="1.0" encoding="UTF-8"?>
<testsuite xmlns:xsi="http://www.w3.org/2001/XMLSchema-instance" xsi:noNamespaceSchemaLocation="https://maven.apache.org/surefire/maven-surefire-plugin/xsd/surefire-test-report-3.0.xsd" version="3.0" name="TestSuite" time="0.957" tests="3" errors="0" skipped="0" failures="0">
  <properties>
[...]
</properties>
  <testcase name="test1" classname="Mphasis.MphasisTrainings.TestMphasis" time="0.007">
    <system-out><![CDATA[Test case 1 executed
]]></system-out>
    <system-err><![CDATA[SLF4J(W): No SLF4J providers were found.
SLF4J(W): Defaulting to no-operation (NOP) logger implementation
SLF4J(W): See https://www.slf4j.org/codes.html#noProviders for further details.
]]></system-err>
  </testcase>
  <testcase name="test2" classname="Mphasis.MphasisTrainings.TestMphasis" time="0.014">
    <system-out><![CDATA[Test case 2 executed
]]></system-out>
  </testcase>
  <testcase name="test3" classname="Mphasis.MphasisTrainings.TestMphasis" time="0.001">
    <system-out><![CDATA[Test case 3 executed
]]></system-out>
  </testcase>
</testsuite>