<?xml version="1.0" encoding="UTF-8"?>
<!-- Generated by org.testng.reporters.JUnitReportReporter -->
<testsuite hostname="WKSPUN05GTR1707" failures="0" tests="2" name="DependencyInjection.TestRunner" time="22.942" errors="0" timestamp="2026-01-29T09:52:40 IST" skipped="0">
  <testcase classname="DependencyInjection.TestRunner" name="runScenario" time="10.435"/>
  <testcase classname="DependencyInjection.TestRunner" name="runScenario" time="12.507"/>
</testsuite> <!-- DependencyInjection.TestRunner -->
