<?xml version="1.0" encoding="UTF-8"?>
<!-- Generated by org.testng.reporters.JUnitXMLReporter -->
<testsuite ignored="0" hostname="WKSPUN05GTR1707" failures="0" tests="4" name="Surefire test" time="0.765" errors="0" timestamp="2026-01-27T11:51:41 IST">
  <testcase classname="io.cucumber.testng.AbstractTestNGCucumberTests" name="@BeforeClass setUpClass" time="0.002">
    <failure type="java.lang.IllegalArgumentException" message=" is not valid. Try &amp;lt;uri or path&amp;gt;/&amp;lt;name&amp;gt;.feature[:LINE]*">
      <![CDATA[java.lang.IllegalArgumentException:  is not valid. Try <uri or path>/<name>.feature[:LINE]*
at io.cucumber.core.feature.FeatureWithLines.parse(FeatureWithLines.java:69)
at io.cucumber.core.options.FeatureWithLinesOrRerunPath.parse(FeatureWithLinesOrRerunPath.java:50)
at io.cucumber.core.options.CucumberOptionsAnnotationParser.addFeatures(CucumberOptionsAnnotationParser.java:133)
at io.cucumber.core.options.CucumberOptionsAnnotationParser.parse(CucumberOptionsAnnotationParser.java:44)
at io.cucumber.testng.TestNGCucumberRunner.<init>(TestNGCucumberRunner.java:85)
at io.cucumber.testng.AbstractTestNGCucumberTests.setUpClass(AbstractTestNGCucumberTests.java:27)
at java.base/java.util.ArrayList.forEach(ArrayList.java:1541)
Caused by: java.lang.IllegalArgumentException: featureIdentifier may not be empty
at io.cucumber.core.feature.FeaturePath.parse(FeaturePath.java:39)
at io.cucumber.core.feature.FeatureWithLines.parseFeaturePath(FeatureWithLines.java:85)
at io.cucumber.core.feature.FeatureWithLines.parse(FeatureWithLines.java:66)
... 36 more
... Removed 30 stack frames]]>
    </failure>
  </testcase> <!-- @BeforeClass setUpClass -->
  <testcase classname="io.cucumber.testng.AbstractTestNGCucumberTests" name="runScenario" time="0.079"/>
  <testcase classname="io.cucumber.testng.AbstractTestNGCucumberTests" name="runScenario" time="0.007"/>
  <testcase classname="io.cucumber.testng.AbstractTestNGCucumberTests" name="runScenario" time="0.012"/>
  <testcase classname="io.cucumber.testng.AbstractTestNGCucumberTests" name="runScenario" time="0.003"/>
</testsuite> <!-- Surefire test -->
