<?xml version="1.0" encoding="UTF-8"?>
<testng-results ignored="0" total="1" passed="1" failed="0" skipped="0">
  <reporter-output>
    <line>
      <![CDATA[Test case run successfully]]>
    </line>
  </reporter-output>
  <suite started-at="2026-01-29T12:42:25 IST" name="Default suite" finished-at="2026-01-29T12:42:36 IST" duration-ms="11004">
    <groups>
    </groups>
    <test started-at="2026-01-29T12:42:25 IST" name="Default test" finished-at="2026-01-29T12:42:36 IST" duration-ms="11004">
      <class name="ExtentReportsProject.Demo.LoginTest">
        <test-method is-config="true" signature="invokeBrowser()[pri:0, instance:ExtentReportsProject.Demo.LoginTest@2002fc1d]" started-at="2026-01-29T12:42:25 IST" name="invokeBrowser" finished-at="2026-01-29T12:42:33 IST" duration-ms="8069" status="PASS">
          <reporter-output>
          </reporter-output>
        </test-method> <!-- invokeBrowser -->
        <test-method signature="testcase1()[pri:0, instance:ExtentReportsProject.Demo.LoginTest@2002fc1d]" started-at="2026-01-29T12:42:33 IST" name="testcase1" finished-at="2026-01-29T12:42:35 IST" duration-ms="2281" status="PASS">
          <reporter-output>
            <line>
              <![CDATA[Test case run successfully]]>
            </line>
          </reporter-output>
        </test-method> <!-- testcase1 -->
        <test-method is-config="true" signature="closeBrowser()[pri:0, instance:ExtentReportsProject.Demo.LoginTest@2002fc1d]" started-at="2026-01-29T12:42:35 IST" name="closeBrowser" finished-at="2026-01-29T12:42:36 IST" duration-ms="410" status="PASS">
          <reporter-output>
          </reporter-output>
        </test-method> <!-- closeBrowser -->
      </class> <!-- ExtentReportsProject.Demo.LoginTest -->
    </test> <!-- Default test -->
  </suite> <!-- Default suite -->
</testng-results>
