<?xml version="1.0" encoding="UTF-8"?>
<!-- Generated by org.testng.reporters.JUnitReportReporter -->
<testsuite hostname="WKSPUN05GTR1707" failures="0" tests="2" name="RegisterForm.TestRegisterRunner" time="0.096" errors="0" timestamp="2026-01-23T15:19:13 IST" skipped="0">
  <testcase classname="RegisterForm.TestRegisterRunner" name="runScenario" time="0.010"/>
  <testcase classname="RegisterForm.TestRegisterRunner" name="runScenario" time="0.086"/>
</testsuite> <!-- RegisterForm.TestRegisterRunner -->
