<?xml version="1.0" encoding="UTF-8"?>
<testng-results ignored="0" total="1" passed="1" failed="0" skipped="0">
  <reporter-output>
  </reporter-output>
  <suite started-at="2026-01-15T14:21:17 IST" name="Default suite" finished-at="2026-01-15T14:21:17 IST" duration-ms="52">
    <groups>
    </groups>
    <test started-at="2026-01-15T14:21:17 IST" name="Default test" finished-at="2026-01-15T14:21:17 IST" duration-ms="52">
      <class name="StudentTest">
        <test-method signature="test1()[pri:0, instance:StudentTest@8f4ea7c]" started-at="2026-01-15T14:21:17 IST" name="test1" finished-at="2026-01-15T14:21:17 IST" duration-ms="11" status="PASS">
          <reporter-output>
          </reporter-output>
        </test-method> <!-- test1 -->
      </class> <!-- StudentTest -->
    </test> <!-- Default test -->
  </suite> <!-- Default suite -->
</testng-results>
