<?xml version="1.0" encoding="UTF-8"?>
<!-- Generated by org.testng.reporters.JUnitReportReporter -->
<testsuite hostname="WKSPUN05GTR1707" failures="0" tests="2" name="com.Practice.DataDriven.HandleDataDriven" time="0.754" errors="0" timestamp="2026-01-20T11:55:07 IST" skipped="0">
  <testcase classname="com.Practice.DataDriven.HandleDataDriven" name="inputDataFromExcel" time="0.501"/>
  <testcase classname="com.Practice.DataDriven.HandleDataDriven" name="fillForm" time="0.253"/>
</testsuite> <!-- com.Practice.DataDriven.HandleDataDriven -->
