<?xml version="1.0" encoding="UTF-8"?>
<!-- Generated by org.testng.reporters.JUnitXMLReporter -->
<testsuite ignored="0" hostname="WKSPUN05GTR1707" failures="0" tests="4" name="Default test" time="3.975" errors="0" timestamp="2026-01-22T16:13:31 IST">
  <testcase classname="com.Practice.API.TestGetMethod" name="testGet" time="1.784"/>
  <testcase classname="com.Practice.API.TestGetMethod" name="testPost" time="0.533"/>
  <testcase classname="com.Practice.API.TestGetMethod" name="testPut" time="0.707"/>
  <testcase classname="com.Practice.API.TestGetMethod" name="testDelete" time="0.9"/>
</testsuite> <!-- Default test -->
